Arguments: 
  C:\Program Files\nodejs\node.exe C:\Program Files\nodejs\node_modules\yarn\bin\yarn.js install

PATH: 
  C:\Users\Admin\anaconda3\condabin;C:\Program Files (x86)\Common Files\Oracle\Java\javapath;C:\Users\Admin\AppData\Local\Programs\Python\Python39\Scripts\;C:\Users\Admin\AppData\Local\Programs\Python\Python39\;C:\Program Files\Python39\Scripts\;C:\Program Files\Python39\;C:\Windows\system32;C:\Windows;C:\Windows\System32\Wbem;C:\Windows\System32\WindowsPowerShell\v1.0\;C:\Windows\System32\OpenSSH\;C:\Program Files (x86)\NVIDIA Corporation\PhysX\Common;C:\Program Files\NVIDIA Corporation\NVIDIA NvDLISR;C:\Program Files\dotnet\;C:\Program Files\Microsoft SQL Server\130\Tools\Binn\;C:\Program Files\Microsoft SQL Server\Client SDK\ODBC\170\Tools\Binn\;C:\Program Files (x86)\Microsoft SQL Server\150\Tools\Binn\;C:\Program Files\Microsoft SQL Server\150\Tools\Binn\;C:\Program Files\Microsoft SQL Server\150\DTS\Binn\;C:\Program Files (x86)\Microsoft SQL Server\150\DTS\Binn\;C:\Program Files\Azure Data Studio\bin;C:\Program Files (x86)\dotnet\;C:\Program Files\MongoDB\Server\4.4\bin;C:\Program Files\Git\cmd;C:\Program Files\PuTTY\;C:\sqlite3;C:\WINDOWS\system32;C:\WINDOWS;C:\WINDOWS\System32\Wbem;C:\WINDOWS\System32\WindowsPowerShell\v1.0\;C:\WINDOWS\System32\OpenSSH\;C:\Users\Admin\AppData\Roaming\nvm;C:\Program Files\nodejs;C:\Ruby31-x64\bin;C:\Users\Admin\AppData\Programs\Python\Python38\Scripts\;C:\Users\Admin\AppData\Programs\Python\Python38\;C:\Users\Admin\AppData\Local\Microsoft\WindowsApps;C:\Users\Admin\.dotnet\tools;C:\Users\Admin\AppData\Local\Programs\Microsoft VS Code\bin;C:\Users\Admin\AppData\Roaming\npm;C:\Program Files\heroku\bin;C:\Users\Admin\AppData\Roaming\nvm;C:\Program Files\nodejs

Yarn version: 
  1.22.19

Node version: 
  16.14.0

Platform: 
  win32 x64

Trace: 
  Error: EPERM: operation not permitted, unlink 'C:\Users\Public\My Job\manahub_explore\node_modules\bufferutil\prebuilds\win32-x64\node.napi.node'

npm manifest: 
  {
    "name": "ethereum-boilerplate",
    "version": "0.1.0",
    "dependencies": {
      "@ant-design/icons": "^4.7.0",
      "@craco/craco": "^6.4.3",
      "@testing-library/jest-dom": "^5.11.4",
      "@testing-library/react": "^11.1.0",
      "@testing-library/user-event": "^12.1.10",
      "@walletconnect/web3-provider": "^1.6.6",
      "antd": "^4.19.3",
      "clsx": "^1.1.1",
      "craco-less": "^2.0.0",
      "ethereumjs-abi": "^0.6.8",
      "ethereumjs-tx": "^2.1.2",
      "firebase": "^9.6.11",
      "moment": "^2.29.1",
      "moment-countdown": "^0.0.3",
      "moralis": "^0.0.176",
      "react": "^17.0.2",
      "react-blockies": "^1.4.1",
      "react-copy-to-clipboard": "^5.1.0",
      "react-countdown": "^2.3.2",
      "react-dom": "^17.0.2",
      "react-facebook-share-link": "^1.0.4",
      "react-fast-marquee": "^1.3.1",
      "react-helmet": "^6.1.0",
      "react-icons": "4.3.1",
      "react-moralis": "^1.4.2",
      "react-redux": "^8.0.1",
      "react-router": "^5.2.1",
      "react-router-dom": "^5.3.0",
      "react-scripts": "4.0.3",
      "react-twitter-share-link": "^1.2.1",
      "socket.io-client": "^4.4.1",
      "swiper": "7.3.1",
      "web-vitals": "^1.0.1",
      "web3": "^1.7.3",
      "yarn": "^1.22.17"
    },
    "scripts": {
      "start": "craco start",
      "build": "craco build",
      "test": "react-scripts test",
      "eject": "react-scripts eject",
      "devchain": "node Truffle/scripts/devChain.js",
      "connect": "moralis-admin-cli connect-local-devchain",
      "watch:events": "moralis-admin-cli add-contract",
      "deploy": "node Truffle/scripts/deployContract.js",
      "deploypage": "gh-pages -d build",
      "clean": "npx gh-pages-clean"
    },
    "eslintConfig": {
      "extends": [
        "react-app",
        "react-app/jest"
      ]
    },
    "browserslist": {
      "production": [
        ">0.2%",
        "not dead",
        "not op_mini all"
      ],
      "development": [
        "last 1 chrome version",
        "last 1 firefox version",
        "last 1 safari version"
      ]
    },
    "devDependencies": {
      "gh-pages": "^3.2.3"
    }
  }

yarn manifest: 
  No manifest

Lockfile: 
  No lockfile
